<?xml version="1.0" encoding="UTF-8"?>
<!-- Generated by org.testng.reporters.JUnitReportReporter -->
<testsuite skipped="0" hostname="san3149591" name="com.CodeCoverage.TestMessageBuilder" tests="1" failures="0" timestamp="02 Sep 2019 11:49:30 GMT" time="0.030" errors="0">
  <testcase name="testNameMkyong" time="0.030" classname="com.CodeCoverage.TestMessageBuilder"/>
</testsuite> <!-- com.CodeCoverage.TestMessageBuilder -->
